<?xml version="1.0" encoding="UTF-8"?>
<testng-results ignored="0" total="1" passed="0" failed="1" skipped="0">
  <reporter-output>
  </reporter-output>
  <suite started-at="2020-10-24T17:21:04Z" name="Suite" finished-at="2020-10-24T17:31:22Z" duration-ms="618685">
    <groups>
    </groups>
    <test started-at="2020-10-24T17:21:04Z" name="Test" finished-at="2020-10-24T17:31:22Z" duration-ms="618685">
      <class name="Project.testng">
        <test-method signature="f()[pri:0, instance:Project.testng@8519cb4]" started-at="2020-10-24T17:21:04Z" name="f" finished-at="2020-10-24T17:31:22Z" duration-ms="618628" status="FAIL">
          <exception class="org.openqa.selenium.SessionNotCreatedException">
            <message>
              <![CDATA[session not created
from timeout: Timed out receiving message from renderer: 600.000
  (Session info: chrome=86.0.4240.111)
Build info: version: '3.141.59', revision: 'e82be7d358', time: '2018-11-14T08:25:53'
System info: host: 'DESKTOP-9P221R1', ip: '192.168.43.229', os.name: 'Windows 10', os.arch: 'amd64', os.version: '10.0', java.version: '11'
Driver info: driver.version: ChromeDriver
remote stacktrace: Backtrace:
Ordinal0 [0x013CD383+3134339]
Ordinal0 [0x012BA171+2007409]
Ordinal0 [0x0115AEE8+569064]
Ordinal0 [0x0114F19C+520604]
Ordinal0 [0x0114E542+517442]
Ordinal0 [0x0114E935+518453]
Ordinal0 [0x0114E265+516709]
Ordinal0 [0x01157551+554321]
Ordinal0 [0x0114E214+516628]
Ordinal0 [0x0114EF25+519973]
Ordinal0 [0x0114E542+517442]
Ordinal0 [0x0114E935+518453]
Ordinal0 [0x0114E265+516709]
Ordinal0 [0x011558DE+547038]
Ordinal0 [0x0114E214+516628]
Ordinal0 [0x0114EF25+519973]
Ordinal0 [0x0114E542+517442]
Ordinal0 [0x0114E935+518453]
Ordinal0 [0x0114E265+516709]
Ordinal0 [0x01153BF6+539638]
Ordinal0 [0x0114E214+516628]
Ordinal0 [0x0114EF25+519973]
Ordinal0 [0x0114E542+517442]
Ordinal0 [0x0114E935+518453]
Ordinal0 [0x0114E265+516709]
Ordinal0 [0x01152F37+536375]
Ordinal0 [0x0114E214+516628]
Ordinal0 [0x0114EF25+519973]
Ordinal0 [0x0114E542+517442]
Ordinal0 [0x0114E935+518453]
Ordinal0 [0x0114E265+516709]
Ordinal0 [0x0114AB7C+502652]
Ordinal0 [0x0114E214+516628]
Ordinal0 [0x0114DF81+515969]
Ordinal0 [0x0115BF70+573296]
Ordinal0 [0x01101916+203030]
Ordinal0 [0x01100C1D+199709]
Ordinal0 [0x010FEB0B+191243]
Ordinal0 [0x010E2E77+77431]
Ordinal0 [0x010E3E3E+81470]
Ordinal0 [0x010E3DC9+81353]
Ordinal0 [0x012D0CD9+2100441]
GetHandleVerifier [0x0153B75A+1396954]
GetHandleVerifier [0x0153B3D9+1396057]
GetHandleVerifier [0x01547126+1444518]
GetHandleVerifier [0x0153BCE8+1398376]
Ordinal0 [0x012C7F51+2064209]
Ordinal0 [0x012D22EB+2106091]
Ordinal0 [0x012D2411+2106385]
Ordinal0 [0x012E49C4+2181572]
BaseThreadInitThunk [0x77048494+36]
RtlAreBitsSet [0x777D4328+136]
RtlAreBitsSet [0x777D42F8+88]
]]>
            </message>
            <full-stacktrace>
              <![CDATA[org.openqa.selenium.SessionNotCreatedException: session not created
from timeout: Timed out receiving message from renderer: 600.000
  (Session info: chrome=86.0.4240.111)
Build info: version: '3.141.59', revision: 'e82be7d358', time: '2018-11-14T08:25:53'
System info: host: 'DESKTOP-9P221R1', ip: '192.168.43.229', os.name: 'Windows 10', os.arch: 'amd64', os.version: '10.0', java.version: '11'
Driver info: driver.version: ChromeDriver
remote stacktrace: Backtrace:
Ordinal0 [0x013CD383+3134339]
Ordinal0 [0x012BA171+2007409]
Ordinal0 [0x0115AEE8+569064]
Ordinal0 [0x0114F19C+520604]
Ordinal0 [0x0114E542+517442]
Ordinal0 [0x0114E935+518453]
Ordinal0 [0x0114E265+516709]
Ordinal0 [0x01157551+554321]
Ordinal0 [0x0114E214+516628]
Ordinal0 [0x0114EF25+519973]
Ordinal0 [0x0114E542+517442]
Ordinal0 [0x0114E935+518453]
Ordinal0 [0x0114E265+516709]
Ordinal0 [0x011558DE+547038]
Ordinal0 [0x0114E214+516628]
Ordinal0 [0x0114EF25+519973]
Ordinal0 [0x0114E542+517442]
Ordinal0 [0x0114E935+518453]
Ordinal0 [0x0114E265+516709]
Ordinal0 [0x01153BF6+539638]
Ordinal0 [0x0114E214+516628]
Ordinal0 [0x0114EF25+519973]
Ordinal0 [0x0114E542+517442]
Ordinal0 [0x0114E935+518453]
Ordinal0 [0x0114E265+516709]
Ordinal0 [0x01152F37+536375]
Ordinal0 [0x0114E214+516628]
Ordinal0 [0x0114EF25+519973]
Ordinal0 [0x0114E542+517442]
Ordinal0 [0x0114E935+518453]
Ordinal0 [0x0114E265+516709]
Ordinal0 [0x0114AB7C+502652]
Ordinal0 [0x0114E214+516628]
Ordinal0 [0x0114DF81+515969]
Ordinal0 [0x0115BF70+573296]
Ordinal0 [0x01101916+203030]
Ordinal0 [0x01100C1D+199709]
Ordinal0 [0x010FEB0B+191243]
Ordinal0 [0x010E2E77+77431]
Ordinal0 [0x010E3E3E+81470]
Ordinal0 [0x010E3DC9+81353]
Ordinal0 [0x012D0CD9+2100441]
GetHandleVerifier [0x0153B75A+1396954]
GetHandleVerifier [0x0153B3D9+1396057]
GetHandleVerifier [0x01547126+1444518]
GetHandleVerifier [0x0153BCE8+1398376]
Ordinal0 [0x012C7F51+2064209]
Ordinal0 [0x012D22EB+2106091]
Ordinal0 [0x012D2411+2106385]
Ordinal0 [0x012E49C4+2181572]
BaseThreadInitThunk [0x77048494+36]
RtlAreBitsSet [0x777D4328+136]
RtlAreBitsSet [0x777D42F8+88]

at java.base/jdk.internal.reflect.NativeConstructorAccessorImpl.newInstance0(Native Method)
at java.base/jdk.internal.reflect.NativeConstructorAccessorImpl.newInstance(NativeConstructorAccessorImpl.java:62)
at java.base/jdk.internal.reflect.DelegatingConstructorAccessorImpl.newInstance(DelegatingConstructorAccessorImpl.java:45)
at java.base/java.lang.reflect.Constructor.newInstance(Constructor.java:490)
at org.openqa.selenium.remote.W3CHandshakeResponse.lambda$errorHandler$0(W3CHandshakeResponse.java:62)
at org.openqa.selenium.remote.HandshakeResponse.lambda$getResponseFunction$0(HandshakeResponse.java:30)
at org.openqa.selenium.remote.ProtocolHandshake.lambda$createSession$0(ProtocolHandshake.java:126)
at java.base/java.util.stream.ReferencePipeline$3$1.accept(ReferencePipeline.java:195)
at java.base/java.util.Spliterators$ArraySpliterator.tryAdvance(Spliterators.java:958)
at java.base/java.util.stream.ReferencePipeline.forEachWithCancel(ReferencePipeline.java:127)
at java.base/java.util.stream.AbstractPipeline.copyIntoWithCancel(AbstractPipeline.java:502)
at java.base/java.util.stream.AbstractPipeline.copyInto(AbstractPipeline.java:488)
at java.base/java.util.stream.AbstractPipeline.wrapAndCopyInto(AbstractPipeline.java:474)
at java.base/java.util.stream.FindOps$FindOp.evaluateSequential(FindOps.java:150)
at java.base/java.util.stream.AbstractPipeline.evaluate(AbstractPipeline.java:234)
at java.base/java.util.stream.ReferencePipeline.findFirst(ReferencePipeline.java:543)
at org.openqa.selenium.remote.ProtocolHandshake.createSession(ProtocolHandshake.java:128)
at org.openqa.selenium.remote.ProtocolHandshake.createSession(ProtocolHandshake.java:74)
at org.openqa.selenium.remote.HttpCommandExecutor.execute(HttpCommandExecutor.java:136)
at org.openqa.selenium.remote.service.DriverCommandExecutor.execute(DriverCommandExecutor.java:83)
at org.openqa.selenium.remote.RemoteWebDriver.execute(RemoteWebDriver.java:552)
at org.openqa.selenium.remote.RemoteWebDriver.startSession(RemoteWebDriver.java:213)
at org.openqa.selenium.remote.RemoteWebDriver.<init>(RemoteWebDriver.java:131)
at org.openqa.selenium.chrome.ChromeDriver.<init>(ChromeDriver.java:181)
at org.openqa.selenium.chrome.ChromeDriver.<init>(ChromeDriver.java:168)
at org.openqa.selenium.chrome.ChromeDriver.<init>(ChromeDriver.java:123)
at Project.testng.f(testng.java:12)
at java.base/jdk.internal.reflect.NativeMethodAccessorImpl.invoke0(Native Method)
at java.base/jdk.internal.reflect.NativeMethodAccessorImpl.invoke(NativeMethodAccessorImpl.java:62)
at java.base/jdk.internal.reflect.DelegatingMethodAccessorImpl.invoke(DelegatingMethodAccessorImpl.java:43)
at java.base/java.lang.reflect.Method.invoke(Method.java:566)
at org.testng.internal.MethodInvocationHelper.invokeMethod(MethodInvocationHelper.java:124)
at org.testng.internal.Invoker.invokeMethod(Invoker.java:580)
at org.testng.internal.Invoker.invokeTestMethod(Invoker.java:716)
at org.testng.internal.Invoker.invokeTestMethods(Invoker.java:988)
at org.testng.internal.TestMethodWorker.invokeTestMethods(TestMethodWorker.java:125)
at org.testng.internal.TestMethodWorker.run(TestMethodWorker.java:109)
at org.testng.TestRunner.privateRun(TestRunner.java:648)
at org.testng.TestRunner.run(TestRunner.java:505)
at org.testng.SuiteRunner.runTest(SuiteRunner.java:455)
at org.testng.SuiteRunner.runSequentially(SuiteRunner.java:450)
at org.testng.SuiteRunner.privateRun(SuiteRunner.java:415)
at org.testng.SuiteRunner.run(SuiteRunner.java:364)
at org.testng.SuiteRunnerWorker.runSuite(SuiteRunnerWorker.java:52)
at org.testng.SuiteRunnerWorker.run(SuiteRunnerWorker.java:84)
at org.testng.TestNG.runSuitesSequentially(TestNG.java:1208)
at org.testng.TestNG.runSuitesLocally(TestNG.java:1137)
at org.testng.TestNG.runSuites(TestNG.java:1049)
at org.testng.TestNG.run(TestNG.java:1017)
at org.testng.TestNG.privateMain(TestNG.java:1354)
at org.testng.TestNG.main(TestNG.java:1323)
]]>
            </full-stacktrace>
          </exception> <!-- org.openqa.selenium.SessionNotCreatedException -->
          <reporter-output>
          </reporter-output>
        </test-method> <!-- f -->
      </class> <!-- Project.testng -->
    </test> <!-- Test -->
  </suite> <!-- Suite -->
</testng-results>
